<?xml version="1.0" encoding="UTF-8"?>
<testng-results ignored="0" total="1" passed="1" failed="0" skipped="0">
  <reporter-output>
  </reporter-output>
  <suite started-at="2022-10-12T12:36:40 IST" name="Default suite" finished-at="2022-10-12T12:37:09 IST" duration-ms="28967">
    <groups>
    </groups>
    <test started-at="2022-10-12T12:36:40 IST" name="Default test" finished-at="2022-10-12T12:37:09 IST" duration-ms="28967">
      <class name="com.flipkart.SearchProduct">
        <test-method signature="searchProduct()[pri:0, instance:com.flipkart.SearchProduct@66d3eec0]" started-at="2022-10-12T12:36:40 IST" name="searchProduct" finished-at="2022-10-12T12:37:09 IST" duration-ms="28929" status="PASS">
          <reporter-output>
          </reporter-output>
        </test-method> <!-- searchProduct -->
      </class> <!-- com.flipkart.SearchProduct -->
    </test> <!-- Default test -->
  </suite> <!-- Default suite -->
</testng-results>
