<?xml version="1.0" encoding="UTF-8"?>
<!-- Generated by org.testng.reporters.JUnitXMLReporter -->
<testsuite ignored="0" hostname="DESKTOP-OLE6EBJ" failures="0" tests="6" name="Test" time="0.042" errors="0" timestamp="2022-09-28T10:44:49 IST">
  <testcase classname="testpkg.sample1" name="demo" time="0.003"/>
  <testcase classname="app.s1" name="Class" time="0.0"/>
  <testcase classname="app.s1" name="Class2" time="0.0"/>
  <testcase classname="testpkg.ParamTest2" name="m" time="0.003"/>
  <testcase classname="testpkg.ParamTest2" name="m" time="0.0"/>
  <testcase classname="testpkg.ParamTest2" name="m" time="0.001"/>
</testsuite> <!-- Test -->
