<?xml version="1.0" encoding="UTF-8"?>
<testng-results ignored="0" total="6" passed="6" failed="0" skipped="0">
  <reporter-output>
  </reporter-output>
  <suite started-at="2022-09-28T10:27:18 IST" name="Suite" finished-at="2022-09-28T10:27:18 IST" duration-ms="62">
    <groups>
      <group name="Smoke">
        <method signature="s1.Class2()[pri:0, instance:app.s1@3e6ef8ad]" name="Class2" class="app.s1"/>
        <method signature="sample1.demo()[pri:0, instance:testpkg.sample1@55b53d44]" name="demo" class="testpkg.sample1"/>
      </group> <!-- Smoke -->
    </groups>
    <test started-at="2022-09-28T10:27:18 IST" name="Test" finished-at="2022-09-28T10:27:18 IST" duration-ms="62">
      <class name="testpkg.ParamTest2">
        <test-method signature="m(java.lang.String,int)[pri:0, instance:testpkg.ParamTest2@346d61be]" started-at="2022-09-28T10:27:18 IST" name="m" data-provider="getdata" finished-at="2022-09-28T10:27:18 IST" duration-ms="1" status="PASS">
          <params>
            <param index="0">
              <value>
                <![CDATA[john]]>
              </value>
            </param>
            <param index="1">
              <value>
                <![CDATA[2]]>
              </value>
            </param>
          </params>
          <reporter-output>
          </reporter-output>
        </test-method> <!-- m -->
        <test-method signature="m(java.lang.String,int)[pri:0, instance:testpkg.ParamTest2@346d61be]" started-at="2022-09-28T10:27:18 IST" name="m" data-provider="getdata" finished-at="2022-09-28T10:27:18 IST" duration-ms="1" status="PASS">
          <params>
            <param index="0">
              <value>
                <![CDATA[max]]>
              </value>
            </param>
            <param index="1">
              <value>
                <![CDATA[2]]>
              </value>
            </param>
          </params>
          <reporter-output>
          </reporter-output>
        </test-method> <!-- m -->
        <test-method signature="m(java.lang.String,int)[pri:0, instance:testpkg.ParamTest2@346d61be]" started-at="2022-09-28T10:27:18 IST" name="m" data-provider="getdata" finished-at="2022-09-28T10:27:18 IST" duration-ms="0" status="PASS">
          <params>
            <param index="0">
              <value>
                <![CDATA[will]]>
              </value>
            </param>
            <param index="1">
              <value>
                <![CDATA[2]]>
              </value>
            </param>
          </params>
          <reporter-output>
          </reporter-output>
        </test-method> <!-- m -->
      </class> <!-- testpkg.ParamTest2 -->
      <class name="testpkg.sample1">
        <test-method signature="demo()[pri:0, instance:testpkg.sample1@55b53d44]" started-at="2022-09-28T10:27:18 IST" name="demo" finished-at="2022-09-28T10:27:18 IST" duration-ms="7" status="PASS">
          <reporter-output>
          </reporter-output>
        </test-method> <!-- demo -->
      </class> <!-- testpkg.sample1 -->
      <class name="app.s1">
        <test-method signature="Class()[pri:0, instance:app.s1@3e6ef8ad]" started-at="2022-09-28T10:27:18 IST" name="Class" finished-at="2022-09-28T10:27:18 IST" duration-ms="1" status="PASS">
          <reporter-output>
          </reporter-output>
        </test-method> <!-- Class -->
        <test-method signature="Class2()[pri:0, instance:app.s1@3e6ef8ad]" started-at="2022-09-28T10:27:18 IST" name="Class2" finished-at="2022-09-28T10:27:18 IST" duration-ms="1" status="PASS">
          <reporter-output>
          </reporter-output>
        </test-method> <!-- Class2 -->
      </class> <!-- app.s1 -->
    </test> <!-- Test -->
  </suite> <!-- Suite -->
</testng-results>
