<?xml version="1.0" encoding="UTF-8"?>
<testsuite xmlns:xsi="http://www.w3.org/2001/XMLSchema-instance" xsi:noNamespaceSchemaLocation="https://maven.apache.org/surefire/maven-surefire-plugin/xsd/surefire-test-report-3.0.xsd" version="3.0" name="TestSuite" time="0.413" tests="6" errors="0" skipped="0" failures="0">
  <properties>
[...]
</properties>
  <testcase name="demo" classname="testpkg.sample1" time="0.004">
    <system-out><![CDATA[hello
]]></system-out>
    <system-err><![CDATA[SLF4J: Failed to load class "org.slf4j.impl.StaticLoggerBinder".
SLF4J: Defaulting to no-operation (NOP) logger implementation
SLF4J: See http://www.slf4j.org/codes.html#StaticLoggerBinder for further details.
]]></system-err>
  </testcase>
  <testcase name="Class" classname="app.s1" time="0">
    <system-out><![CDATA[inside app.s1
]]></system-out>
  </testcase>
  <testcase name="Class2" classname="app.s1" time="0">
    <system-out><![CDATA[inside app.s2
]]></system-out>
  </testcase>
  <testcase name="m[john, 2](1)" classname="testpkg.ParamTest2" time="0.003">
    <system-out><![CDATA[2
john2
]]></system-out>
  </testcase>
  <testcase name="m[max, 2](2)" classname="testpkg.ParamTest2" time="0">
    <system-out><![CDATA[max2
]]></system-out>
  </testcase>
  <testcase name="m[will, 2](3)" classname="testpkg.ParamTest2" time="0">
    <system-out><![CDATA[will2
]]></system-out>
  </testcase>
</testsuite>